0 info it worked if it ends with ok
1 verbose cli [ 'node', '/usr/local/bin/npm', 'publish', './' ]
2 info using npm@1.3.8
3 info using node@v0.10.17
4 verbose publish [ './' ]
5 verbose cache add [ './', null ]
6 verbose cache add name=undefined spec="./" args=["./",null]
7 verbose parsed url { protocol: null,
7 verbose parsed url   slashes: null,
7 verbose parsed url   auth: null,
7 verbose parsed url   host: null,
7 verbose parsed url   port: null,
7 verbose parsed url   hostname: null,
7 verbose parsed url   hash: null,
7 verbose parsed url   search: null,
7 verbose parsed url   query: null,
7 verbose parsed url   pathname: './',
7 verbose parsed url   path: './',
7 verbose parsed url   href: './' }
8 silly lockFile 0ee6c175- ./
9 verbose lock ./ /Users/begizi/.npm/0ee6c175-.lock
10 verbose tar pack [ '/var/folders/cn/wv0h4dds2d9fxf4_4kcfg5j00000gn/T/npm-1653-m4CImBor/1385069375890-0.8874505842104554/tmp.tgz',
10 verbose tar pack   './' ]
11 verbose tarball /var/folders/cn/wv0h4dds2d9fxf4_4kcfg5j00000gn/T/npm-1653-m4CImBor/1385069375890-0.8874505842104554/tmp.tgz
12 verbose folder ./
13 silly lockFile 04cb2bca-tar tar://./
14 verbose lock tar://./ /Users/begizi/.npm/04cb2bca-tar.lock
15 silly lockFile 9d4d394e-75890-0-8874505842104554-tmp-tgz tar:///var/folders/cn/wv0h4dds2d9fxf4_4kcfg5j00000gn/T/npm-1653-m4CImBor/1385069375890-0.8874505842104554/tmp.tgz
16 verbose lock tar:///var/folders/cn/wv0h4dds2d9fxf4_4kcfg5j00000gn/T/npm-1653-m4CImBor/1385069375890-0.8874505842104554/tmp.tgz /Users/begizi/.npm/9d4d394e-75890-0-8874505842104554-tmp-tgz.lock
17 silly lockFile 04cb2bca-tar tar://./
18 silly lockFile 04cb2bca-tar tar://./
19 silly lockFile 9d4d394e-75890-0-8874505842104554-tmp-tgz tar:///var/folders/cn/wv0h4dds2d9fxf4_4kcfg5j00000gn/T/npm-1653-m4CImBor/1385069375890-0.8874505842104554/tmp.tgz
20 silly lockFile 9d4d394e-75890-0-8874505842104554-tmp-tgz tar:///var/folders/cn/wv0h4dds2d9fxf4_4kcfg5j00000gn/T/npm-1653-m4CImBor/1385069375890-0.8874505842104554/tmp.tgz
21 verbose tar unpack /var/folders/cn/wv0h4dds2d9fxf4_4kcfg5j00000gn/T/npm-1653-m4CImBor/1385069375890-0.8874505842104554/tmp.tgz
22 silly lockFile b25de317-75890-0-8874505842104554-package tar:///var/folders/cn/wv0h4dds2d9fxf4_4kcfg5j00000gn/T/npm-1653-m4CImBor/1385069375890-0.8874505842104554/package
23 verbose lock tar:///var/folders/cn/wv0h4dds2d9fxf4_4kcfg5j00000gn/T/npm-1653-m4CImBor/1385069375890-0.8874505842104554/package /Users/begizi/.npm/b25de317-75890-0-8874505842104554-package.lock
24 silly lockFile 9d4d394e-75890-0-8874505842104554-tmp-tgz tar:///var/folders/cn/wv0h4dds2d9fxf4_4kcfg5j00000gn/T/npm-1653-m4CImBor/1385069375890-0.8874505842104554/tmp.tgz
25 verbose lock tar:///var/folders/cn/wv0h4dds2d9fxf4_4kcfg5j00000gn/T/npm-1653-m4CImBor/1385069375890-0.8874505842104554/tmp.tgz /Users/begizi/.npm/9d4d394e-75890-0-8874505842104554-tmp-tgz.lock
26 silly gunzTarPerm modes [ '755', '644' ]
27 silly gunzTarPerm extractEntry package.json
28 silly gunzTarPerm extractEntry README.md
29 silly gunzTarPerm extractEntry index.js
30 silly gunzTarPerm extractEntry AM2315.cpp
31 silly gunzTarPerm extractEntry binding.gyp
32 silly gunzTarPerm extractEntry src/libbcm2835.a
33 silly lockFile b25de317-75890-0-8874505842104554-package tar:///var/folders/cn/wv0h4dds2d9fxf4_4kcfg5j00000gn/T/npm-1653-m4CImBor/1385069375890-0.8874505842104554/package
34 silly lockFile b25de317-75890-0-8874505842104554-package tar:///var/folders/cn/wv0h4dds2d9fxf4_4kcfg5j00000gn/T/npm-1653-m4CImBor/1385069375890-0.8874505842104554/package
35 silly lockFile 9d4d394e-75890-0-8874505842104554-tmp-tgz tar:///var/folders/cn/wv0h4dds2d9fxf4_4kcfg5j00000gn/T/npm-1653-m4CImBor/1385069375890-0.8874505842104554/tmp.tgz
36 silly lockFile 9d4d394e-75890-0-8874505842104554-tmp-tgz tar:///var/folders/cn/wv0h4dds2d9fxf4_4kcfg5j00000gn/T/npm-1653-m4CImBor/1385069375890-0.8874505842104554/tmp.tgz
37 verbose tar pack [ '/Users/begizi/.npm/AM2315/1.0.0/package.tgz',
37 verbose tar pack   '/var/folders/cn/wv0h4dds2d9fxf4_4kcfg5j00000gn/T/npm-1653-m4CImBor/1385069375890-0.8874505842104554/package' ]
38 verbose tarball /Users/begizi/.npm/AM2315/1.0.0/package.tgz
39 verbose folder /var/folders/cn/wv0h4dds2d9fxf4_4kcfg5j00000gn/T/npm-1653-m4CImBor/1385069375890-0.8874505842104554/package
40 silly lockFile b25de317-75890-0-8874505842104554-package tar:///var/folders/cn/wv0h4dds2d9fxf4_4kcfg5j00000gn/T/npm-1653-m4CImBor/1385069375890-0.8874505842104554/package
41 verbose lock tar:///var/folders/cn/wv0h4dds2d9fxf4_4kcfg5j00000gn/T/npm-1653-m4CImBor/1385069375890-0.8874505842104554/package /Users/begizi/.npm/b25de317-75890-0-8874505842104554-package.lock
42 silly lockFile 4d493fd1-izi-npm-AM2315-1-0-0-package-tgz tar:///Users/begizi/.npm/AM2315/1.0.0/package.tgz
43 verbose lock tar:///Users/begizi/.npm/AM2315/1.0.0/package.tgz /Users/begizi/.npm/4d493fd1-izi-npm-AM2315-1-0-0-package-tgz.lock
44 silly lockFile b25de317-75890-0-8874505842104554-package tar:///var/folders/cn/wv0h4dds2d9fxf4_4kcfg5j00000gn/T/npm-1653-m4CImBor/1385069375890-0.8874505842104554/package
45 silly lockFile b25de317-75890-0-8874505842104554-package tar:///var/folders/cn/wv0h4dds2d9fxf4_4kcfg5j00000gn/T/npm-1653-m4CImBor/1385069375890-0.8874505842104554/package
46 silly lockFile 4d493fd1-izi-npm-AM2315-1-0-0-package-tgz tar:///Users/begizi/.npm/AM2315/1.0.0/package.tgz
47 silly lockFile 4d493fd1-izi-npm-AM2315-1-0-0-package-tgz tar:///Users/begizi/.npm/AM2315/1.0.0/package.tgz
48 silly lockFile 87dd2966--begizi-npm-AM2315-1-0-0-package /Users/begizi/.npm/AM2315/1.0.0/package
49 verbose lock /Users/begizi/.npm/AM2315/1.0.0/package /Users/begizi/.npm/87dd2966--begizi-npm-AM2315-1-0-0-package.lock
50 silly lockFile 87dd2966--begizi-npm-AM2315-1-0-0-package /Users/begizi/.npm/AM2315/1.0.0/package
51 silly lockFile 87dd2966--begizi-npm-AM2315-1-0-0-package /Users/begizi/.npm/AM2315/1.0.0/package
52 verbose tar unpack /Users/begizi/.npm/AM2315/1.0.0/package.tgz
53 silly lockFile 037d494f--begizi-npm-AM2315-1-0-0-package tar:///Users/begizi/.npm/AM2315/1.0.0/package
54 verbose lock tar:///Users/begizi/.npm/AM2315/1.0.0/package /Users/begizi/.npm/037d494f--begizi-npm-AM2315-1-0-0-package.lock
55 silly lockFile 4d493fd1-izi-npm-AM2315-1-0-0-package-tgz tar:///Users/begizi/.npm/AM2315/1.0.0/package.tgz
56 verbose lock tar:///Users/begizi/.npm/AM2315/1.0.0/package.tgz /Users/begizi/.npm/4d493fd1-izi-npm-AM2315-1-0-0-package-tgz.lock
57 silly gunzTarPerm modes [ '755', '644' ]
58 silly gunzTarPerm extractEntry package.json
59 silly gunzTarPerm extractEntry README.md
60 silly gunzTarPerm extractEntry index.js
61 silly gunzTarPerm extractEntry AM2315.cpp
62 silly gunzTarPerm extractEntry binding.gyp
63 silly gunzTarPerm extractEntry src/libbcm2835.a
64 silly lockFile 037d494f--begizi-npm-AM2315-1-0-0-package tar:///Users/begizi/.npm/AM2315/1.0.0/package
65 silly lockFile 037d494f--begizi-npm-AM2315-1-0-0-package tar:///Users/begizi/.npm/AM2315/1.0.0/package
66 silly lockFile 4d493fd1-izi-npm-AM2315-1-0-0-package-tgz tar:///Users/begizi/.npm/AM2315/1.0.0/package.tgz
67 silly lockFile 4d493fd1-izi-npm-AM2315-1-0-0-package-tgz tar:///Users/begizi/.npm/AM2315/1.0.0/package.tgz
68 verbose chmod /Users/begizi/.npm/AM2315/1.0.0/package.tgz 644
69 verbose chown /Users/begizi/.npm/AM2315/1.0.0/package.tgz [ 501, 20 ]
70 silly lockFile 0ee6c175- ./
71 silly lockFile 0ee6c175- ./
72 silly publish { name: 'AM2315',
72 silly publish   version: '1.0.0',
72 silly publish   description: 'Simple async AM2315 Temp and Humidity Sensor library for Raspberry Pi',
72 silly publish   main: 'index.js',
72 silly publish   repository: { type: 'git', url: 'git://github.com/vyykn/AM2315' },
72 silly publish   keywords: [ 'am2315', 'raspi', 'i2c', 'temp', 'humidity', 'sensor' ],
72 silly publish   author: { name: 'Brian Egizi and Cody Garvin' },
72 silly publish   license: 'BSD-2-Clause',
72 silly publish   bugs: { url: 'http://github.com/vyykn/AM2315/issues' },
72 silly publish   scripts: { install: 'node-gyp rebuild' },
72 silly publish   gypfile: true,
72 silly publish   readme: '# AM2315 Encased I2C Temperature/Humidity Sensor\n\nSimple asyncronous node.js library for reading the AM2315 I2C via Raspberry Pi\n\n\n## Example\n\n`npm install AM2315`\n\n\n```\nvar sensor = require(\'AM2315\');\n\n// Get the current Temp and Humidity\nsensor.read(function(err, data){\n\tif(err) console.error(err);\n\telse console.log("Temperature: %d F   Humidity: %d\\%", data[0], data[1]);\n});\n```\n\nProbably requires running node under `sudo` for I2C permissions, unless you\'ve used [Wiring Pi\'s gpio utility](https://projects.drogon.net/raspberry-pi/wiringpi/the-gpio-utility/) or otherwise adjusted device permissions.\n\n## API\n\n### sensor.read(cb(err, data){})\n\nCollects the current Temerature and Humidity from the AM2315 via I2C on the Raspberry Pi and returns them as an array (data[temp, humidity]) with your callback.\n\n\n\n\n## Compatibility Note\n\nThis library is subject to change.\n\n\n\n## License\n\nCopyright © 2013, Nathan Vander Wilt.\nAll rights reserved.\n\nRedistribution and use in source and binary forms, with or without\nmodification, are permitted provided that the following conditions are met: \n\n1. Redistributions of source code must retain the above copyright notice, this\n   list of conditions and the following disclaimer. \n2. Redistributions in binary form must reproduce the above copyright notice,\n   this list of conditions and the following disclaimer in the documentation\n   and/or other materials provided with the distribution. \n\nTHIS SOFTWARE IS PROVIDED BY THE COPYRIGHT HOLDERS AND CONTRIBUTORS "AS IS" AND\nANY EXPRESS OR IMPLIED WARRANTIES, INCLUDING, BUT NOT LIMITED TO, THE IMPLIED\nWARRANTIES OF MERCHANTABILITY AND FITNESS FOR A PARTICULAR PURPOSE ARE\nDISCLAIMED. IN NO EVENT SHALL THE COPYRIGHT OWNER OR CONTRIBUTORS BE LIABLE FOR\nANY DIRECT, INDIRECT, INCIDENTAL, SPECIAL, EXEMPLARY, OR CONSEQUENTIAL DAMAGES\n(INCLUDING, BUT NOT LIMITED TO, PROCUREMENT OF SUBSTITUTE GOODS OR SERVICES;\nLOSS OF USE, DATA, OR PROFITS; OR BUSINESS INTERRUPTION) HOWEVER CAUSED AND\nON ANY THEORY OF LIABILITY, WHETHER IN CONTRACT, STRICT LIABILITY, OR TORT\n(INCLUDING NEGLIGENCE OR OTHERWISE) ARISING IN ANY WAY OUT OF THE USE OF THIS\nSOFTWARE, EVEN IF ADVISED OF THE POSSIBILITY OF SUCH DAMAGE.\n\nThe views and conclusions contained in the software and documentation are those\nof the authors and should not be interpreted as representing official policies, \neither expressed or implied, of the FreeBSD Project.',
72 silly publish   readmeFilename: 'README.md',
72 silly publish   _id: 'AM2315@1.0.0',
72 silly publish   dist: { shasum: '90aaebae177e5d8582b94e1af6d4302960487b6d' },
72 silly publish   _from: './' }
73 verbose url raw AM2315
74 verbose url resolving [ 'https://registry.npmjs.org/', './AM2315' ]
75 verbose url resolved https://registry.npmjs.org/AM2315
76 info trying registry request attempt 1 at 14:29:37
77 http PUT https://registry.npmjs.org/AM2315
78 http 403 https://registry.npmjs.org/AM2315
79 info trying registry request attempt 1 at 14:29:38
80 http PUT https://registry.npmjs.org/AM2315
81 http 403 https://registry.npmjs.org/AM2315
82 error publish Failed PUT response 403
83 error Error: forbidden New packages must have all-lowercase names: AM2315
83 error     at RegClient.<anonymous> (/usr/local/Cellar/node/0.10.8/lib/node_modules/npm/node_modules/npm-registry-client/lib/request.js:272:14)
83 error     at Request.self.callback (/usr/local/Cellar/node/0.10.8/lib/node_modules/npm/node_modules/request/index.js:148:22)
83 error     at Request.EventEmitter.emit (events.js:98:17)
83 error     at Request.<anonymous> (/usr/local/Cellar/node/0.10.8/lib/node_modules/npm/node_modules/request/index.js:891:14)
83 error     at Request.EventEmitter.emit (events.js:117:20)
83 error     at IncomingMessage.<anonymous> (/usr/local/Cellar/node/0.10.8/lib/node_modules/npm/node_modules/request/index.js:842:12)
83 error     at IncomingMessage.EventEmitter.emit (events.js:117:20)
83 error     at _stream_readable.js:920:16
83 error     at process._tickCallback (node.js:415:13)
84 error If you need help, you may report this log at:
84 error     <http://github.com/isaacs/npm/issues>
84 error or email it to:
84 error     <npm-@googlegroups.com>
85 error System Darwin 13.0.0
86 error command "node" "/usr/local/bin/npm" "publish" "./"
87 error cwd /Users/begizi/Documents/Library/AM2315
88 error node -v v0.10.17
89 error npm -v 1.3.8
90 verbose exit [ 1, true ]
